<?xml version="1.0" encoding="UTF-8"?>
<!-- Generated by org.testng.reporters.JUnitXMLReporter -->
<testsuite ignored="0" hostname="CHOWDARY" failures="0" tests="3" name="Default test" time="10.388" errors="0" timestamp="2023-08-10T10:10:34 IST">
  <testcase classname="com.execution.NopCommerceLogin" name="username" time="0.358"/>
  <testcase classname="com.execution.NopCommerceLogin" name="password" time="0.225"/>
  <testcase classname="com.execution.NopCommerceLogin" name="login" time="0.948"/>
</testsuite> <!-- Default test -->
