<?xml version="1.0" encoding="UTF-8"?>
<!-- Generated by org.testng.reporters.JUnitXMLReporter -->
<testsuite ignored="0" hostname="CHOWDARY" failures="0" tests="12" name="Default test" time="32.979" errors="0" timestamp="2023-10-27T09:52:45 IST">
  <testcase classname="com.execution.Registerexe" name="registerPageNavigation" time="1.004"/>
  <testcase classname="com.execution.Registerexe" name="SelectGender" time="3.871"/>
  <testcase classname="com.execution.Registerexe" name="EnterFname" time="0.191"/>
  <testcase classname="com.execution.Registerexe" name="EnterLname" time="0.169"/>
  <testcase classname="com.execution.Registerexe" name="DateSelection" time="0.166"/>
  <testcase classname="com.execution.Registerexe" name="MonthSelection" time="0.139"/>
  <testcase classname="com.execution.Registerexe" name="YearSelection" time="0.138"/>
  <testcase classname="com.execution.Registerexe" name="EmailEnter" time="0.219"/>
  <testcase classname="com.execution.Registerexe" name="CompanyName" time="0.171"/>
  <testcase classname="com.execution.Registerexe" name="EnterPWD" time="0.161"/>
  <testcase classname="com.execution.Registerexe" name="EnterCnfPWD" time="0.164"/>
  <testcase classname="com.execution.Registerexe" name="RegisterButton" time="20.845"/>
</testsuite> <!-- Default test -->
