<?xml version="1.0" encoding="UTF-8"?>
<testng-results ignored="0" total="3" passed="3" failed="0" skipped="0">
  <reporter-output>
  </reporter-output>
  <suite started-at="2023-08-10T10:10:23 IST" name="Default suite" finished-at="2023-08-10T10:10:34 IST" duration-ms="10388">
    <groups>
    </groups>
    <test started-at="2023-08-10T10:10:23 IST" name="Default test" finished-at="2023-08-10T10:10:34 IST" duration-ms="10388">
      <class name="com.execution.NopCommerceLogin">
        <test-method is-config="true" signature="Login()[pri:0, instance:com.execution.NopCommerceLogin@210ab13f]" started-at="2023-08-10T10:10:23 IST" name="Login" finished-at="2023-08-10T10:10:32 IST" duration-ms="8783" status="PASS">
          <reporter-output>
          </reporter-output>
        </test-method> <!-- Login -->
        <test-method signature="username()[pri:1, instance:com.execution.NopCommerceLogin@210ab13f]" started-at="2023-08-10T10:10:32 IST" name="username" finished-at="2023-08-10T10:10:32 IST" duration-ms="358" status="PASS">
          <reporter-output>
          </reporter-output>
        </test-method> <!-- username -->
        <test-method signature="password()[pri:2, instance:com.execution.NopCommerceLogin@210ab13f]" started-at="2023-08-10T10:10:32 IST" name="password" finished-at="2023-08-10T10:10:33 IST" duration-ms="225" status="PASS">
          <reporter-output>
          </reporter-output>
        </test-method> <!-- password -->
        <test-method signature="login()[pri:3, instance:com.execution.NopCommerceLogin@210ab13f]" started-at="2023-08-10T10:10:33 IST" name="login" finished-at="2023-08-10T10:10:34 IST" duration-ms="948" status="PASS">
          <reporter-output>
          </reporter-output>
        </test-method> <!-- login -->
      </class> <!-- com.execution.NopCommerceLogin -->
    </test> <!-- Default test -->
  </suite> <!-- Default suite -->
</testng-results>
